Build started 10/19/2012 11:02:55 PM.
     1>Project "C:\Users\Merca\Desktop\tema1EGC\lab.vcxproj" on node 2 (build target(s)).
     1>InitializeBuildStatus:
         Creating "Release\lab.unsuccessfulbuild" because "AlwaysCreate" was specified.
       ClCompile:
         C:\Program Files\Microsoft Visual Studio 10.0\VC\bin\CL.exe /c /Zi /nologo /W3 /WX- /O2 /Oi /Oy- /GL /D _MBCS /Gm- /EHsc /MD /GS /Gy /fp:precise /Zc:wchar_t /Zc:forScope /Fo"Release\\" /Fd"Release\vc100.pdb" /Gd /TP /analyze- /errorReport:prompt main.cpp Support2d.cpp Transform2d.cpp WorldDrawer2d_gl.cpp
         main.cpp
     1>main.cpp(47): warning C4305: 'argument' : truncation from 'double' to 'float'
     1>main.cpp(48): warning C4305: 'argument' : truncation from 'double' to 'float'
     1>main.cpp(50): warning C4305: 'argument' : truncation from 'double' to 'float'
     1>main.cpp(51): warning C4305: 'argument' : truncation from 'double' to 'float'
     1>main.cpp(53): warning C4305: 'argument' : truncation from 'double' to 'float'
     1>main.cpp(54): warning C4305: 'argument' : truncation from 'double' to 'float'
     1>main.cpp(56): warning C4305: 'argument' : truncation from 'double' to 'float'
     1>main.cpp(57): warning C4305: 'argument' : truncation from 'double' to 'float'
     1>main.cpp(159): warning C4305: 'argument' : truncation from 'double' to 'float'
     1>main.cpp(160): warning C4305: 'argument' : truncation from 'double' to 'float'
     1>main.cpp(183): warning C4305: 'argument' : truncation from 'double' to 'float'
     1>main.cpp(183): warning C4305: 'argument' : truncation from 'double' to 'float'
         Support2d.cpp
         Transform2d.cpp
         WorldDrawer2d_gl.cpp
       Link:
         C:\Program Files\Microsoft Visual Studio 10.0\VC\bin\link.exe /ERRORREPORT:PROMPT /OUT:"C:\Users\Merca\Desktop\tema1EGC\Release\lab.exe" /NOLOGO kernel32.lib user32.lib gdi32.lib winspool.lib comdlg32.lib advapi32.lib shell32.lib ole32.lib oleaut32.lib uuid.lib odbc32.lib odbccp32.lib /MANIFEST /ManifestFile:"Release\lab.exe.intermediate.manifest" /MANIFESTUAC:"level='asInvoker' uiAccess='false'" /DEBUG /PDB:"C:\Users\Merca\Desktop\tema1EGC\Release\lab.pdb" /OPT:REF /OPT:ICF /LTCG /TLBID:1 /DYNAMICBASE /NXCOMPAT /IMPLIB:"C:\Users\Merca\Desktop\tema1EGC\Release\lab.lib" /MACHINE:X86 Release\main.obj
         Release\Support2d.obj
         Release\Transform2d.obj
         Release\WorldDrawer2d_gl.obj
     1>LINK : fatal error LNK1104: cannot open file 'freeglut.lib'
     1>Done Building Project "C:\Users\Merca\Desktop\tema1EGC\lab.vcxproj" (build target(s)) -- FAILED.

Build FAILED.

Time Elapsed 00:00:12.27
