Build started 11/12/2012 8:40:29 PM.
     1>Project "C:\Users\Merca\Desktop\tema\lab3\lab.vcxproj" on node 2 (build target(s)).
     1>InitializeBuildStatus:
         Creating "Debug\lab.unsuccessfulbuild" because "AlwaysCreate" was specified.
       ClCompile:
         C:\Program Files\Microsoft Visual Studio 10.0\VC\bin\CL.exe /c /Idependinte /ZI /nologo /W3 /WX- /Od /Oy- /D _MBCS /Gm /EHsc /RTC1 /MDd /GS /fp:precise /Zc:wchar_t /Zc:forScope /Fo"Debug\\" /Fd"Debug\vc100.pdb" /Gd /TP /analyze- /errorReport:prompt main.cpp
         main.cpp
     1>c:\users\merca\desktop\tema\lab3\main.cpp(167): warning C4244: 'argument' : conversion from 'int' to 'GLfloat', possible loss of data
     1>c:\users\merca\desktop\tema\lab3\main.cpp(188): warning C4244: 'initializing' : conversion from 'double' to 'int', possible loss of data
     1>c:\users\merca\desktop\tema\lab3\main.cpp(189): warning C4305: 'initializing' : truncation from 'double' to 'float'
     1>c:\users\merca\desktop\tema\lab3\main.cpp(199): warning C4244: 'initializing' : conversion from 'double' to 'int', possible loss of data
     1>c:\users\merca\desktop\tema\lab3\main.cpp(203): warning C4244: '=' : conversion from 'double' to 'int', possible loss of data
     1>c:\users\merca\desktop\tema\lab3\main.cpp(204): warning C4244: '=' : conversion from 'float' to 'int', possible loss of data
     1>c:\users\merca\desktop\tema\lab3\main.cpp(214): warning C4244: '=' : conversion from 'double' to 'int', possible loss of data
     1>c:\users\merca\desktop\tema\lab3\main.cpp(334): warning C4244: 'initializing' : conversion from 'float' to 'int', possible loss of data
     1>c:\users\merca\desktop\tema\lab3\main.cpp(335): warning C4244: 'initializing' : conversion from 'float' to 'int', possible loss of data
     1>c:\users\merca\desktop\tema\lab3\main.cpp(336): warning C4244: '=' : conversion from 'int' to 'float', possible loss of data
     1>c:\users\merca\desktop\tema\lab3\main.cpp(337): warning C4244: '=' : conversion from 'int' to 'float', possible loss of data
     1>c:\users\merca\desktop\tema\lab3\main.cpp(372): warning C4244: '+=' : conversion from 'double' to 'float', possible loss of data
     1>c:\users\merca\desktop\tema\lab3\main.cpp(373): warning C4244: '+=' : conversion from 'double' to 'float', possible loss of data
     1>c:\users\merca\desktop\tema\lab3\main.cpp(378): warning C4244: '-=' : conversion from 'double' to 'float', possible loss of data
     1>c:\users\merca\desktop\tema\lab3\main.cpp(379): warning C4244: '-=' : conversion from 'double' to 'float', possible loss of data
     1>c:\users\merca\desktop\tema\lab3\main.cpp(486): warning C4244: '+=' : conversion from 'double' to 'float', possible loss of data
     1>c:\users\merca\desktop\tema\lab3\main.cpp(487): warning C4244: '+=' : conversion from 'double' to 'float', possible loss of data
     1>c:\users\merca\desktop\tema\lab3\main.cpp(492): warning C4244: '-=' : conversion from 'double' to 'float', possible loss of data
     1>c:\users\merca\desktop\tema\lab3\main.cpp(493): warning C4244: '-=' : conversion from 'double' to 'float', possible loss of data
       Link:
         C:\Program Files\Microsoft Visual Studio 10.0\VC\bin\link.exe /ERRORREPORT:PROMPT /OUT:"Debug\lab.exe" /NOLOGO /LIBPATH:dependente opengl32.lib glu32.lib freeglut.lib kernel32.lib user32.lib gdi32.lib winspool.lib comdlg32.lib advapi32.lib shell32.lib ole32.lib oleaut32.lib uuid.lib odbc32.lib odbccp32.lib /MANIFEST /ManifestFile:"Debug\lab.exe.intermediate.manifest" /MANIFESTUAC:"level='asInvoker' uiAccess='false'" /DEBUG /PDB:"C:\Users\Merca\Desktop\tema\lab3\Debug\lab.pdb" /TLBID:1 /DYNAMICBASE /NXCOMPAT /IMPLIB:"Debug\lab.lib" /MACHINE:X86 Debug\Cube.obj
         Debug\main.obj
         Debug\Rubik.obj
         LINK : Debug\lab.exe not found or not built by the last incremental link; performing full link
         lab.vcxproj -> C:\Users\Merca\Desktop\tema\lab3\Debug\lab.exe
       Manifest:
         C:\Program Files\Microsoft SDKs\Windows\v7.0A\bin\mt.exe /nologo /verbose /outputresource:"Debug\lab.exe;#1" /manifest Debug\lab.exe.intermediate.manifest
       FinalizeBuildStatus:
         Deleting file "Debug\lab.unsuccessfulbuild".
         Touching "Debug\lab.lastbuildstate".
     1>Done Building Project "C:\Users\Merca\Desktop\tema\lab3\lab.vcxproj" (build target(s)).

Build succeeded.

Time Elapsed 00:00:05.26
